0 info it worked if it ends with ok
1 verbose cli [ '/usr/local/bin/node', '/usr/local/bin/npm', 'run', 'test' ]
2 info using npm@3.5.3
3 info using node@v5.1.0
4 verbose run-script [ 'pretest', 'test', 'posttest' ]
5 info lifecycle react-starterify@2.1.4~pretest: react-starterify@2.1.4
6 silly lifecycle react-starterify@2.1.4~pretest: no script for pretest, continuing
7 info lifecycle react-starterify@2.1.4~test: react-starterify@2.1.4
8 verbose lifecycle react-starterify@2.1.4~test: unsafe-perm in lifecycle true
9 verbose lifecycle react-starterify@2.1.4~test: PATH: /usr/local/lib/node_modules/npm/bin/node-gyp-bin:/Users/jonbloomer/react/React-Resume-ES6/node_modules/.bin:/usr/local/bin:/usr/bin:/bin:/usr/sbin:/sbin
10 verbose lifecycle react-starterify@2.1.4~test: CWD: /Users/jonbloomer/react/React-Resume-ES6
11 silly lifecycle react-starterify@2.1.4~test: Args: [ '-c',
11 silly lifecycle   'mocha --reporter nyan --compilers js:babel-core/register --recursive' ]
12 silly lifecycle react-starterify@2.1.4~test: Returned: code: 1  signal: null
13 info lifecycle react-starterify@2.1.4~test: Failed to exec test script
14 verbose stack Error: react-starterify@2.1.4 test: `mocha --reporter nyan --compilers js:babel-core/register --recursive`
14 verbose stack Exit status 1
14 verbose stack     at EventEmitter.<anonymous> (/usr/local/lib/node_modules/npm/lib/utils/lifecycle.js:232:16)
14 verbose stack     at emitTwo (events.js:87:13)
14 verbose stack     at EventEmitter.emit (events.js:172:7)
14 verbose stack     at ChildProcess.<anonymous> (/usr/local/lib/node_modules/npm/lib/utils/spawn.js:24:14)
14 verbose stack     at emitTwo (events.js:87:13)
14 verbose stack     at ChildProcess.emit (events.js:172:7)
14 verbose stack     at maybeClose (internal/child_process.js:818:16)
14 verbose stack     at Process.ChildProcess._handle.onexit (internal/child_process.js:211:5)
15 verbose pkgid react-starterify@2.1.4
16 verbose cwd /Users/jonbloomer/react/React-Resume-ES6
17 error Darwin 15.2.0
18 error argv "/usr/local/bin/node" "/usr/local/bin/npm" "run" "test"
19 error node v5.1.0
20 error npm  v3.5.3
21 error code ELIFECYCLE
22 error react-starterify@2.1.4 test: `mocha --reporter nyan --compilers js:babel-core/register --recursive`
22 error Exit status 1
23 error Failed at the react-starterify@2.1.4 test script 'mocha --reporter nyan --compilers js:babel-core/register --recursive'.
23 error Make sure you have the latest version of node.js and npm installed.
23 error If you do, this is most likely a problem with the react-starterify package,
23 error not with npm itself.
23 error Tell the author that this fails on your system:
23 error     mocha --reporter nyan --compilers js:babel-core/register --recursive
23 error You can get information on how to open an issue for this project with:
23 error     npm bugs react-starterify
23 error Or if that isn't available, you can get their info via:
23 error     npm owner ls react-starterify
23 error There is likely additional logging output above.
24 verbose exit [ 1, true ]
